<?xml version="1.0" encoding="UTF-8"?>
<testsuite xmlns:xsi="http://www.w3.org/2001/XMLSchema-instance" xsi:noNamespaceSchemaLocation="https://maven.apache.org/surefire/maven-surefire-plugin/xsd/surefire-test-report.xsd" version="3.0.2" name="com.guildboard.GuildboardApplicationTests" time="0.996" tests="1" errors="0" skipped="0" failures="0" flakes="0">
  <properties>
[...]
</properties>
  <testcase name="contextLoads" classname="com.guildboard.GuildboardApplicationTests" time="0.377">
    <system-out><![CDATA[15:53:28.982 [main] INFO org.springframework.test.context.support.AnnotationConfigContextLoaderUtils -- Could not detect default configuration classes for test class [com.guildboard.GuildboardApplicationTests]: GuildboardApplicationTests does not declare any static, non-private, non-final, nested classes annotated with @Configuration.
15:53:29.042 [main] INFO org.springframework.boot.test.context.SpringBootTestContextBootstrapper -- Found @SpringBootConfiguration com.guildboard.GuildboardApplication for test class com.guildboard.GuildboardApplicationTests
15:53:29.087 [main] INFO org.springframework.test.context.support.AnnotationConfigContextLoaderUtils -- Could not detect default configuration classes for test class [com.guildboard.GuildboardApplicationTests]: GuildboardApplicationTests does not declare any static, non-private, non-final, nested classes annotated with @Configuration.
15:53:29.088 [main] INFO org.springframework.boot.test.context.SpringBootTestContextBootstrapper -- Found @SpringBootConfiguration com.guildboard.GuildboardApplication for test class com.guildboard.GuildboardApplicationTests

  .   ____          _            __ _ _
 /\\ / ___'_ __ _ _(_)_ __  __ _ \ \ \ \
( ( )\___ | '_ | '_| | '_ \/ _` | \ \ \ \
 \\/  ___)| |_)| | | | | || (_| |  ) ) ) )
  '  |____| .__|_| |_|_| |_\__, | / / / /
 =========|_|==============|___/=/_/_/_/

 :: Spring Boot ::                (v4.1.1)

2026-09-02T15:53:29.237+02:00  INFO 10458 --- [guildboard] [           main] c.guildboard.GuildboardApplicationTests  : Starting GuildboardApplicationTests using Java 26.0.2.1 with PID 10458 (started by andre in /Users/andre/Documents/guildboard)
2026-09-02T15:53:29.238+02:00  INFO 10458 --- [guildboard] [           main] c.guildboard.GuildboardApplicationTests  : No active profile set, falling back to 1 default profile: "default"
2026-09-02T15:53:29.462+02:00  INFO 10458 --- [guildboard] [           main] c.guildboard.GuildboardApplicationTests  : Started GuildboardApplicationTests in 0.348 seconds (process running for 0.908)
]]></system-out>
    <system-err><![CDATA[Mockito is currently self-attaching to enable the inline-mock-maker. This will no longer work in future releases of the JDK. Please add Mockito as an agent to your build as described in Mockito's documentation: https://javadoc.io/doc/org.mockito/mockito-core/latest/org.mockito/org/mockito/Mockito.html#0.3
WARNING: A Java agent has been loaded dynamically (/Users/andre/.m2/repository/net/bytebuddy/byte-buddy-agent/1.18.11/byte-buddy-agent-1.18.11.jar)
WARNING: If a serviceability tool is in use, please run with -XX:+EnableDynamicAgentLoading to hide this warning
WARNING: If a serviceability tool is not in use, please run with -Djdk.instrument.traceUsage for more information
WARNING: Dynamic loading of agents will be disallowed by default in a future release
]]></system-err>
  </testcase>
</testsuite>