<?xml version="1.0" encoding="UTF-8"?>
<testsuite xmlns:xsi="http://www.w3.org/2001/XMLSchema-instance" xsi:noNamespaceSchemaLocation="https://maven.apache.org/surefire/maven-surefire-plugin/xsd/surefire-test-report.xsd" version="3.0.2" name="com.guildboard.GuildboardApplicationTests" time="29.333" tests="1" errors="0" skipped="0" failures="0" flakes="0">
  <properties>
[...]
</properties>
  <testcase name="contextLoads" classname="com.guildboard.GuildboardApplicationTests" time="1.373">
    <system-out><![CDATA[18:58:58.159 [main] INFO org.springframework.test.context.support.AnnotationConfigContextLoaderUtils -- Could not detect default configuration classes for test class [com.guildboard.GuildboardApplicationTests]: GuildboardApplicationTests does not declare any static, non-private, non-final, nested classes annotated with @Configuration.
18:58:58.487 [main] INFO org.springframework.boot.test.context.SpringBootTestContextBootstrapper -- Found @SpringBootConfiguration com.guildboard.GuildboardApplication for test class com.guildboard.GuildboardApplicationTests
18:58:59.139 [main] INFO org.springframework.test.context.support.AnnotationConfigContextLoaderUtils -- Could not detect default configuration classes for test class [com.guildboard.GuildboardApplicationTests]: GuildboardApplicationTests does not declare any static, non-private, non-final, nested classes annotated with @Configuration.
18:58:59.141 [main] INFO org.springframework.boot.test.context.SpringBootTestContextBootstrapper -- Found @SpringBootConfiguration com.guildboard.GuildboardApplication for test class com.guildboard.GuildboardApplicationTests

  .   ____          _            __ _ _
 /\\ / ___'_ __ _ _(_)_ __  __ _ \ \ \ \
( ( )\___ | '_ | '_| | '_ \/ _` | \ \ \ \
 \\/  ___)| |_)| | | | | || (_| |  ) ) ) )
  '  |____| .__|_| |_|_| |_\__, | / / / /
 =========|_|==============|___/=/_/_/_/

 :: Spring Boot ::                (v4.1.1)

2026-09-13T18:59:00.967+02:00  INFO 40228 --- [guildboard] [           main] c.guildboard.GuildboardApplicationTests  : Starting GuildboardApplicationTests using Java 21.0.12 with PID 40228 (started by achra in /mnt/c/Users/achra/OneDrive/Desktop/project/guildboard)
2026-09-13T18:59:00.977+02:00  INFO 40228 --- [guildboard] [           main] c.guildboard.GuildboardApplicationTests  : No active profile set, falling back to 1 default profile: "default"
2026-09-13T18:59:03.898+02:00  INFO 40228 --- [guildboard] [           main] .s.d.r.c.RepositoryConfigurationDelegate : Bootstrapping Spring Data JPA repositories in DEFAULT mode.
2026-09-13T18:59:04.373+02:00  INFO 40228 --- [guildboard] [           main] .s.d.r.c.RepositoryConfigurationDelegate : Finished Spring Data repository scanning in 401 ms. Found 3 JPA repository interfaces.
2026-09-13T18:59:06.301+02:00  INFO 40228 --- [guildboard] [           main] org.hibernate.orm.jpa                    : HHH008540: Processing PersistenceUnitInfo [name: default]
2026-09-13T18:59:07.226+02:00  INFO 40228 --- [guildboard] [           main] org.hibernate.orm.core                   : HHH000001: Hibernate ORM core version 7.4.5.Final
2026-09-13T18:59:13.607+02:00  INFO 40228 --- [guildboard] [           main] o.s.o.j.p.SpringPersistenceUnitInfo      : No LoadTimeWeaver setup: ignoring JPA class transformer
2026-09-13T18:59:14.010+02:00  INFO 40228 --- [guildboard] [           main] com.zaxxer.hikari.HikariDataSource       : HikariPool-1 - Starting...
2026-09-13T18:59:15.315+02:00  INFO 40228 --- [guildboard] [           main] com.zaxxer.hikari.pool.HikariPool        : HikariPool-1 - Added connection org.postgresql.jdbc.PgConnection@6acb45c1
2026-09-13T18:59:15.352+02:00  INFO 40228 --- [guildboard] [           main] com.zaxxer.hikari.HikariDataSource       : HikariPool-1 - Start completed.
2026-09-13T18:59:15.614+02:00  WARN 40228 --- [guildboard] [           main] org.hibernate.orm.deprecation            : HHH90000025: PostgreSQLDialect does not need to be specified explicitly using 'hibernate.dialect' (remove the property setting and it will be selected by default)
2026-09-13T18:59:15.794+02:00  INFO 40228 --- [guildboard] [           main] org.hibernate.orm.connections.pooling    : HHH10001005: Database info:
	Database JDBC URL [jdbc:postgresql://localhost:5432/guildboard]
	Database driver: PostgreSQL JDBC Driver
	Database dialect: PostgreSQLDialect
	Database version: 18.6
	Default catalog/schema: guildboard/public
	Autocommit mode: undefined/unknown
	Isolation level: READ_COMMITTED [default READ_COMMITTED]
	JDBC fetch size: none
	Pool: DataSourceConnectionProvider
	Minimum pool size: undefined/unknown
	Maximum pool size: undefined/unknown
2026-09-13T18:59:22.553+02:00  INFO 40228 --- [guildboard] [           main] org.hibernate.orm.core                   : HHH000489: No JTA platform available (set 'hibernate.transaction.jta.platform' to enable JTA platform integration)
Hibernate: 
    create table adventurer (
        id bigint not null,
        character_class smallint check ((character_class between 0 and 3)),
        gold integer,
        level integer,
        name varchar(255),
        xp integer,
        primary key (id)
    )
Hibernate: 
    create table assignment (
        id bigint not null,
        adventurer_id integer,
        assigned_at timestamp(6),
        completed_at timestamp(6),
        quest_id integer,
        primary key (id)
    )
Hibernate: 
    create table quest (
        id bigint not null,
        description varchar(255),
        difficulty smallint check ((difficulty between 0 and 3)),
        gold_reward integer,
        required_level integer,
        status smallint check ((status between 0 and 2)),
        title varchar(255),
        xp_reward integer,
        primary key (id)
    )
Hibernate: 
    create sequence adventurer_seq start with 1 increment by 50
Hibernate: 
    create sequence assignment_seq start with 1 increment by 50
Hibernate: 
    create sequence quest_seq start with 1 increment by 50
2026-09-13T18:59:22.891+02:00  INFO 40228 --- [guildboard] [           main] j.LocalContainerEntityManagerFactoryBean : Initialized JPA EntityManagerFactory for persistence unit 'default'
2026-09-13T18:59:23.718+02:00  INFO 40228 --- [guildboard] [           main] o.s.d.j.r.query.QueryEnhancerFactories   : Hibernate is in classpath; If applicable, HQL parser will be used.
2026-09-13T18:59:25.331+02:00  INFO 40228 --- [guildboard] [           main] c.guildboard.GuildboardApplicationTests  : Started GuildboardApplicationTests in 26.002 seconds (process running for 29.086)
]]></system-out>
    <system-err><![CDATA[Mockito is currently self-attaching to enable the inline-mock-maker. This will no longer work in future releases of the JDK. Please add Mockito as an agent to your build as described in Mockito's documentation: https://javadoc.io/doc/org.mockito/mockito-core/latest/org.mockito/org/mockito/Mockito.html#0.3
WARNING: A Java agent has been loaded dynamically (/home/achra/.m2/repository/net/bytebuddy/byte-buddy-agent/1.18.11/byte-buddy-agent-1.18.11.jar)
WARNING: If a serviceability tool is in use, please run with -XX:+EnableDynamicAgentLoading to hide this warning
WARNING: If a serviceability tool is not in use, please run with -Djdk.instrument.traceUsage for more information
WARNING: Dynamic loading of agents will be disallowed by default in a future release
]]></system-err>
  </testcase>
</testsuite>